<?xml version="1.0" encoding="UTF-8"?>
<testng-results ignored="0" total="1" passed="1" failed="0" skipped="0">
  <reporter-output>
  </reporter-output>
  <suite started-at="2024-05-08T22:38:41 IST" name="Default suite" finished-at="2024-05-08T22:38:41 IST" duration-ms="65">
    <groups>
    </groups>
    <test started-at="2024-05-08T22:38:41 IST" name="Default test" finished-at="2024-05-08T22:38:41 IST" duration-ms="65">
      <class name="PS1">
        <test-method is-config="true" signature="beforeRun()[pri:0, instance:PS1@1613674b]" started-at="2024-05-08T22:38:41 IST" name="beforeRun" finished-at="2024-05-08T22:38:41 IST" duration-ms="6" status="PASS">
          <reporter-output>
          </reporter-output>
        </test-method> <!-- beforeRun -->
        <test-method signature="testRun()[pri:0, instance:PS1@1613674b]" started-at="2024-05-08T22:38:41 IST" name="testRun" finished-at="2024-05-08T22:38:41 IST" duration-ms="8" status="PASS">
          <reporter-output>
          </reporter-output>
        </test-method> <!-- testRun -->
      </class> <!-- PS1 -->
    </test> <!-- Default test -->
  </suite> <!-- Default suite -->
</testng-results>
