<?xml version="1.0" encoding="UTF-8"?>
<testng-results ignored="2" total="11" passed="9" failed="0" skipped="0">
  <reporter-output>
  </reporter-output>
  <suite started-at="2024-05-07T00:02:08 IST" name="Suite" finished-at="2024-05-07T00:02:08 IST" duration-ms="122">
    <groups>
      <group name="Smoke">
        <method signature="basic3.WebLoginHomeloan()[pri:0, instance:testpackage.basic3@5acf93bb]" name="WebLoginHomeloan" class="testpackage.basic3"/>
      </group> <!-- Smoke -->
    </groups>
    <test started-at="2024-05-07T00:02:08 IST" name="Car Loan" finished-at="2024-05-07T00:02:08 IST" duration-ms="94">
      <class name="testpackage.basic2">
        <test-method is-config="true" signature="Bsuite()[pri:0, instance:testpackage.basic2@82de64a]" started-at="2024-05-07T00:02:08 IST" name="Bsuite" finished-at="2024-05-07T00:02:08 IST" duration-ms="12" status="PASS">
          <reporter-output>
          </reporter-output>
        </test-method> <!-- Bsuite -->
        <test-method signature="WebLoginCarloan()[pri:0, instance:testpackage.basic2@82de64a]" started-at="2024-05-07T00:02:08 IST" name="WebLoginCarloan" finished-at="2024-05-07T00:02:08 IST" duration-ms="13" status="PASS">
          <reporter-output>
          </reporter-output>
        </test-method> <!-- WebLoginCarloan -->
        <test-method signature="LoginAPIcarLoan()[pri:0, instance:testpackage.basic2@82de64a]" started-at="2024-05-07T00:02:08 IST" name="LoginAPIcarLoan" finished-at="2024-05-07T00:02:08 IST" depends-on-methods="testpackage.basic2.WebLoginCarloan" duration-ms="6" status="PASS">
          <reporter-output>
          </reporter-output>
        </test-method> <!-- LoginAPIcarLoan -->
      </class> <!-- testpackage.basic2 -->
      <class name="testpackage.basics">
        <test-method is-config="true" signature="AfSuite()[pri:0, instance:testpackage.basics@6283d8b8]" started-at="2024-05-07T00:02:08 IST" name="AfSuite" finished-at="2024-05-07T00:02:08 IST" duration-ms="1" status="PASS">
          <reporter-output>
          </reporter-output>
        </test-method> <!-- AfSuite -->
      </class> <!-- testpackage.basics -->
    </test> <!-- Car Loan -->
    <test started-at="2024-05-07T00:02:08 IST" name="Test" finished-at="2024-05-07T00:02:08 IST" duration-ms="122">
      <class name="testpackage.basics">
        <test-method is-config="true" signature="prerequiste()[pri:0, instance:testpackage.basics@6283d8b8]" started-at="2024-05-07T00:02:08 IST" name="prerequiste" finished-at="2024-05-07T00:02:08 IST" duration-ms="0" status="PASS">
          <reporter-output>
          </reporter-output>
        </test-method> <!-- prerequiste -->
        <test-method signature="Demo(java.lang.String)[pri:0, instance:testpackage.basics@6283d8b8]" started-at="2024-05-07T00:02:08 IST" name="Demo" finished-at="2024-05-07T00:02:08 IST" duration-ms="11" status="PASS">
          <params>
            <param index="0">
              <value>
                <![CDATA[qaclickacademy.com]]>
              </value>
            </param>
          </params>
          <reporter-output>
          </reporter-output>
        </test-method> <!-- Demo -->
        <test-method is-config="true" signature="lastexecution()[pri:0, instance:testpackage.basics@6283d8b8]" started-at="2024-05-07T00:02:08 IST" name="lastexecution" finished-at="2024-05-07T00:02:08 IST" duration-ms="1" status="PASS">
          <reporter-output>
          </reporter-output>
        </test-method> <!-- lastexecution -->
      </class> <!-- testpackage.basics -->
      <class name="testpackage.basic3">
        <test-method signature="LoginAPIHomeLoan()[pri:0, instance:testpackage.basic3@5acf93bb]" started-at="2024-05-07T00:02:08 IST" name="LoginAPIHomeLoan" finished-at="2024-05-07T00:02:08 IST" duration-ms="2" status="PASS">
          <reporter-output>
          </reporter-output>
        </test-method> <!-- LoginAPIHomeLoan -->
        <test-method signature="MobileLoginHomeLoan()[pri:0, instance:testpackage.basic3@5acf93bb]" started-at="2024-05-07T00:02:08 IST" name="MobileLoginHomeLoan" finished-at="2024-05-07T00:02:08 IST" duration-ms="8" status="PASS">
          <reporter-output>
          </reporter-output>
        </test-method> <!-- MobileLoginHomeLoan -->
        <test-method signature="MobilesignoutcarLoan(java.lang.String,java.lang.String)[pri:0, instance:testpackage.basic3@5acf93bb]" started-at="2024-05-07T00:02:08 IST" name="MobilesignoutcarLoan" data-provider="getData" finished-at="2024-05-07T00:02:08 IST" duration-ms="3" status="PASS">
          <params>
            <param index="0">
              <value>
                <![CDATA[firstsetusername]]>
              </value>
            </param>
            <param index="1">
              <value>
                <![CDATA[password]]>
              </value>
            </param>
          </params>
          <reporter-output>
          </reporter-output>
        </test-method> <!-- MobilesignoutcarLoan -->
        <test-method signature="MobilesignoutcarLoan(java.lang.String,java.lang.String)[pri:0, instance:testpackage.basic3@5acf93bb]" started-at="2024-05-07T00:02:08 IST" name="MobilesignoutcarLoan" data-provider="getData" finished-at="2024-05-07T00:02:08 IST" duration-ms="2" status="PASS">
          <params>
            <param index="0">
              <value>
                <![CDATA[secondsetusername]]>
              </value>
            </param>
            <param index="1">
              <value>
                <![CDATA[passoword2]]>
              </value>
            </param>
          </params>
          <reporter-output>
          </reporter-output>
        </test-method> <!-- MobilesignoutcarLoan -->
        <test-method signature="MobilesignoutcarLoan(java.lang.String,java.lang.String)[pri:0, instance:testpackage.basic3@5acf93bb]" started-at="2024-05-07T00:02:08 IST" name="MobilesignoutcarLoan" data-provider="getData" finished-at="2024-05-07T00:02:08 IST" duration-ms="1" status="PASS">
          <params>
            <param index="0">
              <value>
                <![CDATA[thirdsetusername]]>
              </value>
            </param>
            <param index="1">
              <value>
                <![CDATA[password3]]>
              </value>
            </param>
          </params>
          <reporter-output>
          </reporter-output>
        </test-method> <!-- MobilesignoutcarLoan -->
        <test-method signature="WebLoginHomeloan()[pri:0, instance:testpackage.basic3@5acf93bb]" started-at="2024-05-07T00:02:08 IST" name="WebLoginHomeloan" finished-at="2024-05-07T00:02:08 IST" duration-ms="1" status="PASS">
          <reporter-output>
          </reporter-output>
        </test-method> <!-- WebLoginHomeloan -->
      </class> <!-- testpackage.basic3 -->
    </test> <!-- Test -->
  </suite> <!-- Suite -->
</testng-results>
