<?xml version="1.0" encoding="UTF-8"?>
<!-- Generated by org.testng.reporters.JUnitXMLReporter -->
<testsuite ignored="0" hostname="LAPTOP-SRKBNJHS" failures="0" tests="6" name="Default test" time="0.093" errors="0" timestamp="2024-05-06T23:34:42 IST">
  <testcase classname="testpackage.basic3" name="LoginAPIHomeLoan" time="0.013"/>
  <testcase classname="testpackage.basic3" name="MobileLoginHomeLoan" time="0.008"/>
  <testcase classname="testpackage.basic3" name="MobilesignoutcarLoan" time="0.001"/>
  <testcase classname="testpackage.basic3" name="MobilesignoutcarLoan" time="0.002"/>
  <testcase classname="testpackage.basic3" name="MobilesignoutcarLoan" time="0.002"/>
  <testcase classname="testpackage.basic3" name="WebLoginHomeloan" time="0.004"/>
</testsuite> <!-- Default test -->
