<?xml version="1.0" encoding="UTF-8"?>
<testng-results ignored="0" total="1" passed="1" failed="0" skipped="0">
  <reporter-output>
  </reporter-output>
  <suite started-at="2024-05-25T21:47:22 IST" name="Default suite" finished-at="2024-05-25T21:47:31 IST" duration-ms="9753">
    <groups>
    </groups>
    <test started-at="2024-05-25T21:47:22 IST" name="Default test" finished-at="2024-05-25T21:47:31 IST" duration-ms="9753">
      <class name="rahulshettyacademy.ExtendReports.ExtendReportDemo">
        <test-method is-config="true" signature="config()[pri:0, instance:rahulshettyacademy.ExtendReports.ExtendReportDemo@434a63ab]" started-at="2024-05-25T21:47:22 IST" name="config" finished-at="2024-05-25T21:47:22 IST" duration-ms="402" status="PASS">
          <reporter-output>
          </reporter-output>
        </test-method> <!-- config -->
        <test-method signature="initalDemo()[pri:0, instance:rahulshettyacademy.ExtendReports.ExtendReportDemo@434a63ab]" started-at="2024-05-25T21:47:22 IST" name="initalDemo" finished-at="2024-05-25T21:47:31 IST" duration-ms="9290" status="PASS">
          <reporter-output>
          </reporter-output>
        </test-method> <!-- initalDemo -->
      </class> <!-- rahulshettyacademy.ExtendReports.ExtendReportDemo -->
    </test> <!-- Default test -->
  </suite> <!-- Default suite -->
</testng-results>
