<?xml version="1.0" encoding="UTF-8"?>
<!-- Generated by org.testng.reporters.JUnitXMLReporter -->
<testsuite ignored="1" hostname="LAPTOP-SRKBNJHS" failures="0" tests="2" name="Car Loan" time="0.094" errors="0" timestamp="2024-05-07T00:02:08 IST">
  <testcase classname="testpackage.basic2" name="WebLoginCarloan" time="0.013"/>
  <testcase classname="testpackage.basic2" name="LoginAPIcarLoan" time="0.006"/>
  <testcase classname="testpackage.basic2" name="MobileLoginCarLoan" time="0.0">
    <ignored/>
  </testcase> <!-- MobileLoginCarLoan -->
</testsuite> <!-- Car Loan -->
