<?xml version="1.0" encoding="UTF-8"?>
<!-- Generated by org.testng.reporters.JUnitXMLReporter -->
<testsuite ignored="1" hostname="LAPTOP-SRKBNJHS" failures="0" tests="7" name="Test" time="0.122" errors="0" timestamp="2024-05-07T00:02:08 IST">
  <testcase classname="testpackage.basics" name="Demo" time="0.011"/>
  <testcase classname="testpackage.basic3" name="LoginAPIHomeLoan" time="0.002"/>
  <testcase classname="testpackage.basic3" name="MobileLoginHomeLoan" time="0.008"/>
  <testcase classname="testpackage.basic3" name="MobilesignoutcarLoan" time="0.003"/>
  <testcase classname="testpackage.basic3" name="MobilesignoutcarLoan" time="0.002"/>
  <testcase classname="testpackage.basic3" name="MobilesignoutcarLoan" time="0.001"/>
  <testcase classname="testpackage.basic3" name="WebLoginHomeloan" time="0.001"/>
  <testcase classname="testpackage.basics" name="SecondTest" time="0.0">
    <ignored/>
  </testcase> <!-- SecondTest -->
</testsuite> <!-- Test -->
